<?xml version="1.0" encoding="UTF-8"?>
<!-- Generated by org.testng.reporters.JUnitXMLReporter -->
<testsuite ignored="0" hostname="DESKTOP-UQT3F1G" failures="0" tests="3" name="Test" time="84.992" errors="0" timestamp="2020-06-19T19:33:06 IST">
  <testcase classname="Assignment.textCheck" name="textcheck" time="0.054"/>
  <testcase classname="Assignment.navigationBar" name="navigationBarCheck" time="0.177"/>
  <testcase classname="Assignment.HomePage" name="Homepage" time="5.014"/>
</testsuite> <!-- Test -->
