<?xml version="1.0" encoding="UTF-8"?>
<!-- Generated by org.testng.reporters.JUnitXMLReporter -->
<testsuite ignored="0" hostname="DESKTOP-UQT3F1G" failures="0" tests="3" name="Test" time="187.924" errors="0" timestamp="2020-06-24T19:16:37 IST">
  <testcase classname="Assignment.textCheck" name="textcheck" time="0.115"/>
  <testcase classname="Assignment.HomePage" name="Homepage" time="10.631"/>
  <testcase classname="Assignment.navigationBar" name="navigationBarCheck" time="46.986"/>
</testsuite> <!-- Test -->
